c:\users\jnich\source\repos\cst136srs04\atoll\debug\atoll.pch
c:\users\jnich\source\repos\cst136srs04\atoll\debug\vc141.pdb
c:\users\jnich\source\repos\cst136srs04\atoll\debug\vc141.idb
c:\users\jnich\source\repos\cst136srs04\atoll\debug\stdafx.obj
c:\users\jnich\source\repos\cst136srs04\atoll\debug\latitude.obj
c:\users\jnich\source\repos\cst136srs04\atoll\debug\location.obj
c:\users\jnich\source\repos\cst136srs04\atoll\debug\longitude.obj
c:\users\jnich\source\repos\cst136srs04\debug\atoll.pdb
c:\users\jnich\source\repos\cst136srs04\atoll\debug\atoll.tlog\cl.command.1.tlog
c:\users\jnich\source\repos\cst136srs04\atoll\debug\atoll.tlog\cl.read.1.tlog
c:\users\jnich\source\repos\cst136srs04\atoll\debug\atoll.tlog\cl.write.1.tlog
c:\users\jnich\source\repos\cst136srs04\atoll\debug\atoll.tlog\link.8184-cvtres.read.1.tlog
c:\users\jnich\source\repos\cst136srs04\atoll\debug\atoll.tlog\link.8184-cvtres.write.1.tlog
c:\users\jnich\source\repos\cst136srs04\atoll\debug\atoll.tlog\link.8184-rc.read.1.tlog
c:\users\jnich\source\repos\cst136srs04\atoll\debug\atoll.tlog\link.8184-rc.write.1.tlog
c:\users\jnich\source\repos\cst136srs04\atoll\debug\atoll.tlog\link.8184.read.1.tlog
c:\users\jnich\source\repos\cst136srs04\atoll\debug\atoll.tlog\link.8184.write.1.tlog
c:\users\jnich\source\repos\cst136srs04\atoll\debug\atoll.tlog\link.command.1.tlog
c:\users\jnich\source\repos\cst136srs04\atoll\debug\atoll.tlog\link.read.1.tlog
c:\users\jnich\source\repos\cst136srs04\atoll\debug\atoll.tlog\link.write.1.tlog
